2024-07-16T12:38:25,346 [main] INFO  (Main.java:40) - -------------Test Execution started--------------
2024-07-16T12:38:29,761 [main] INFO  (Test_1_StatusChangeDate_Validation.java:38) - Complaint status update with future date is not updated with error code
2024-07-16T12:38:29,772 [main] INFO  (Main.java:132) - 
 Request : 
<?xml version="1.0" encoding="UTF-8" standalone="no"?><soapenv:Envelope xmlns:soapenv="http://schemas.xmlsoap.org/soap/envelope/" xmlns:web="http://www.Insurer.com/webservices/">  
    <soapenv:Header> 
        <web:Authenticate_Info> 
            <!--Optional:-->  
            <web:UserName>IRDAUSER</web:UserName>  
            <!--Optional:-->  
            <web:Password>IRDAUSER</web:Password>  
            <web:EntityId>31</web:EntityId> 
        </web:Authenticate_Info> 
    </soapenv:Header>  
    <soapenv:Body> 
        <web:UpdateComplaint> 
            <!--Optional:-->  
            <web:InputElement> 
                <Complaints> 
                    <Complaint> 
                        <IRDA_Token_Number>07-24-001016</IRDA_Token_Number>  
                        <Status_Change_Date>23-07-2024</Status_Change_Date>  
                        <Complaint_Status_Id>1</Complaint_Status_Id>  
                        <Trans_Login_Id>SILICADMIN</Trans_Login_Id>  
                        <Option>1</Option>  
                        <Mode>2</Mode>  
                        <Entity_Complaint_Ref_Number>TEST502152</Entity_Complaint_Ref_Number>
                    </Complaint> 
                </Complaints> 
            </web:InputElement> 
        </web:UpdateComplaint> 
    </soapenv:Body> 
</soapenv:Envelope>
2024-07-16T12:38:29,775 [main] INFO  (Main.java:133) - 
 Response : 
<soap:Envelope xmlns:soap="http://schemas.xmlsoap.org/soap/envelope/" xmlns:xsi="http://www.w3.org/2001/XMLSchema-instance" xmlns:xsd="http://www.w3.org/2001/XMLSchema">
  <soap:Body>
    <UpdateComplaintResponse xmlns="http://www.Insurer.com/webservices/">
      <UpdateComplaintResult>
        <RESULT xmlns="">
          <COMPLAINTDETAILS>
            <IRDA_TOKEN_NUMBER>07-24-001016</IRDA_TOKEN_NUMBER>
            <ENTITY_COMPLAINT_REF_NUMBER>TEST502152</ENTITY_COMPLAINT_REF_NUMBER>
            <ERROR_CODES>ERR_0091</ERROR_CODES>
          </COMPLAINTDETAILS>
        </RESULT>
      </UpdateComplaintResult>
    </UpdateComplaintResponse>
  </soap:Body>
</soap:Envelope>
2024-07-16T12:38:29,775 [main] INFO  (Main.java:134) - -------------Test Execution ended---------------


